-1.5
-showWeaveInfo
-source
1.5
-target
1.5
-verbose
-classpath
C:\Users\Klaus Wenger\.m2\repository\aspectj\aspectjrt\1.5.0\aspectjrt-1.5.0.jar;C:\Users\Klaus Wenger\.m2\repository\aspectj\aspectjtools\1.5.0\aspectjtools-1.5.0.jar;C:\Users\Klaus Wenger\.m2\repository\classworlds\classworlds\1.1-alpha-2\classworlds-1.1-alpha-2.jar;C:\com.u14n\projects\com.damnhandy.aspects.bean\target\com.damnhandy.aspects.bean-0.0.1-SNAPSHOT.jar;C:\Users\Klaus Wenger\.m2\repository\com\jgoodies\binding\2.0.2\binding-2.0.2.jar;C:\Users\Klaus Wenger\.m2\repository\com\jgoodies\forms\1.2.1\forms-1.2.1.jar;C:\Program Files (x86)\Java\jdk1.6.0_22\jre\..\lib\tools.jar;C:\Users\Klaus Wenger\.m2\repository\commons-jelly\commons-jelly-tags-log\1.0\commons-jelly-tags-log-1.0.jar;C:\Users\Klaus Wenger\.m2\repository\commons-lang\commons-lang\2.4\commons-lang-2.4.jar;C:\Users\Klaus Wenger\.m2\repository\commons-validator\commons-validator\1.1.4\commons-validator-1.1.4.jar;C:\Users\Klaus Wenger\.m2\repository\concurrent\concurrent\1.3.4\concurrent-1.3.4.jar;C:\Users\Klaus Wenger\.m2\repository\doxia\doxia-core\1.0-alpha-4\doxia-core-1.0-alpha-4.jar;C:\Users\Klaus Wenger\.m2\repository\doxia\doxia-sink-api\1.0-alpha-4\doxia-sink-api-1.0-alpha-4.jar;C:\Users\Klaus Wenger\.m2\repository\javassist\javassist\3.1RC1\javassist-3.1RC1.jar;C:\Users\Klaus Wenger\.m2\repository\jboss\jboss-aop\2.0.0.alpha2\jboss-aop-2.0.0.alpha2.jar;C:\Users\Klaus Wenger\.m2\repository\jboss\jboss-common\4.0.4\jboss-common-4.0.4.jar;C:\Users\Klaus Wenger\.m2\repository\junit\junit\3.8.2\junit-3.8.2.jar;C:\Users\Klaus Wenger\.m2\repository\maven\maven-aspectj-plugin\4.0\maven-aspectj-plugin-4.0.jar;C:\Users\Klaus Wenger\.m2\repository\org\apache\maven\maven-artifact\2.0\maven-artifact-2.0.jar;C:\Users\Klaus Wenger\.m2\repository\org\apache\maven\maven-artifact-manager\2.0\maven-artifact-manager-2.0.jar;C:\Users\Klaus Wenger\.m2\repository\org\apache\maven\maven-model\2.0\maven-model-2.0.jar;C:\Users\Klaus Wenger\.m2\repository\org\apache\maven\maven-plugin-api\2.0\maven-plugin-api-2.0.jar;C:\Users\Klaus Wenger\.m2\repository\org\apache\maven\maven-profile\2.0\maven-profile-2.0.jar;C:\Users\Klaus Wenger\.m2\repository\org\apache\maven\maven-project\2.0\maven-project-2.0.jar;C:\Users\Klaus Wenger\.m2\repository\org\apache\maven\maven-repository-metadata\2.0\maven-repository-metadata-2.0.jar;C:\Users\Klaus Wenger\.m2\repository\org\apache\maven\reporting\maven-reporting-api\2.0\maven-reporting-api-2.0.jar;C:\Users\Klaus Wenger\.m2\repository\org\apache\maven\reporting\maven-reporting-impl\2.0\maven-reporting-impl-2.0.jar;C:\Users\Klaus Wenger\.m2\repository\org\apache\maven\wagon\wagon-provider-api\1.0-alpha-5\wagon-provider-api-1.0-alpha-5.jar;C:\Users\Klaus Wenger\.m2\repository\org\aspectj\aspectjrt\1.6.7\aspectjrt-1.6.7.jar;C:\Users\Klaus Wenger\.m2\repository\org\aspectj\aspectjtools\1.6.7\aspectjtools-1.6.7.jar;C:\Users\Klaus Wenger\.m2\repository\org\codehaus\mojo\aspectj-maven-plugin\1.3\aspectj-maven-plugin-1.3.jar;C:\Users\Klaus Wenger\.m2\repository\org\codehaus\plexus\plexus-container-default\1.0-alpha-8\plexus-container-default-1.0-alpha-8.jar;C:\Users\Klaus Wenger\.m2\repository\org\codehaus\plexus\plexus-utils\1.5.15\plexus-utils-1.5.15.jar;C:\Users\Klaus Wenger\.m2\repository\oro\oro\2.0.7\oro-2.0.7.jar;C:\Users\Klaus Wenger\.m2\repository\trove\trove\1.0.2\trove-1.0.2.jar;C:\com.u14n\projects\com.u14n.model\target\classes
-aspectpath
C:\com.u14n\projects\com.damnhandy.aspects.bean\target\com.damnhandy.aspects.bean-0.0.1-SNAPSHOT.jar
-d
C:\com.u14n\projects\com.u14n.model\target\classes
C:\com.u14n\projects\com.u14n.model\src\main\aspect\com\u14n\model\DomainIntegrity.aj
C:\com.u14n\projects\com.u14n.model\src\main\java\com\u14n\model\country\CountryComparator.java
C:\com.u14n\projects\com.u14n.model\src\main\aspect\com\u14n\model\Serializables.aj
C:\com.u14n\projects\com.u14n.model\src\main\java\com\u14n\model\state\State.java
C:\com.u14n\projects\com.u14n.model\..\com.u14n.aspects\src\main\aspect\com\u14n\aspects\bean\JavaBeans.aj
C:\com.u14n\projects\com.u14n.model\src\main\java\com\u14n\model\user\GroupDAO.java
C:\com.u14n\projects\com.u14n.model\src\main\aspect\com\u14n\model\Observables.aj
C:\com.u14n\projects\com.u14n.model\src\main\java\com\u14n\model\user\Group.java
C:\com.u14n\projects\com.u14n.model\src\main\java\com\u14n\model\state\StateModel.java
C:\com.u14n\projects\com.u14n.model\src\main\java\com\u14n\model\dao\DAOException.java
C:\com.u14n\projects\com.u14n.model\src\main\java\com\u14n\model\address\bean\DetailedAddressBean.java
C:\com.u14n\projects\com.u14n.model\src\main\java\com\u14n\model\address\SimpleAddress.java
C:\com.u14n\projects\com.u14n.model\src\main\aspect\com\u14n\model\Model.aj
C:\com.u14n\projects\com.u14n.model\src\main\java\com\u14n\model\address\Address.java
C:\com.u14n\projects\com.u14n.model\src\main\java\com\u14n\model\user\bean\UserBean.java
C:\com.u14n\projects\com.u14n.model\src\main\java\com\u14n\model\country\LocaleCountry.java
C:\com.u14n\projects\com.u14n.model\src\main\java\com\u14n\model\user\bean\GroupBean.java
C:\com.u14n\projects\com.u14n.model\src\main\java\com\u14n\model\person\bean\PersonBean.java
C:\com.u14n\projects\com.u14n.model\src\main\java\com\u14n\model\user\User.java
C:\com.u14n\projects\com.u14n.model\src\main\java\com\u14n\model\person\PersonDAO.java
C:\com.u14n\projects\com.u14n.model\src\main\java\com\u14n\model\country\CountryModel.java
C:\com.u14n\projects\com.u14n.model\src\main\java\com\u14n\model\person\Person.java
C:\com.u14n\projects\com.u14n.model\src\main\java\com\u14n\model\country\Country.java
C:\com.u14n\projects\com.u14n.model\..\com.u14n.aspects\src\main\aspect\com\u14n\aspects\bean\PropertyChanges.aj
C:\com.u14n\projects\com.u14n.model\src\main\java\com\u14n\model\address\SimpleAddressDAO.java
C:\com.u14n\projects\com.u14n.model\src\main\java\com\u14n\model\user\bean\NewUserBean.java
C:\com.u14n\projects\com.u14n.model\src\main\java\com\u14n\model\user\UserDAO.java
C:\com.u14n\projects\com.u14n.model\..\com.u14n.aspects\src\main\aspect\com\u14n\aspects\Verboseness.aj
C:\com.u14n\projects\com.u14n.model\src\main\java\com\u14n\model\address\bean\SimpleAddressBean.java
C:\com.u14n\projects\com.u14n.model\src\main\java\com\u14n\model\address\bean\AddressBean.java
C:\com.u14n\projects\com.u14n.model\src\main\java\com\u14n\model\address\DetailedAddress.java
